<?xml version="1.0" encoding="UTF-8"?>
<testng-results skipped="0" failed="0" ignored="0" total="1" passed="1">
  <reporter-output>
  </reporter-output>
  <suite name="HomePageTest" duration-ms="46" started-at="2022-06-12T15:06:59 EDT" finished-at="2022-06-12T15:06:59 EDT">
    <groups>
    </groups>
    <test name="Command line test" duration-ms="46" started-at="2022-06-12T15:06:59 EDT" finished-at="2022-06-12T15:06:59 EDT">
      <class name="HomePageTest">
        <test-method status="PASS" signature="hpInstance()[pri:0, instance:HomePageTest@528931cf]" name="hpInstance" duration-ms="5" started-at="2022-06-12T15:06:59 EDT" finished-at="2022-06-12T15:06:59 EDT">
          <reporter-output>
          </reporter-output>
        </test-method> <!-- hpInstance -->
      </class> <!-- HomePageTest -->
    </test> <!-- Command line test -->
  </suite> <!-- HomePageTest -->
</testng-results>
